<?xml version="1.0" encoding="UTF-8"?>
<!-- Generated by org.testng.reporters.JUnitReportReporter -->
<testsuite hostname="IN-BZ4M1J3" failures="0" tests="1" name="testCases.TC_BookingPageTest" time="4.681" errors="0" timestamp="2023-07-24T23:39:59 IST" skipped="0">
  <testcase classname="testCases.TC_BookingPageTest" name="Homepage" time="4.681"/>
  <system-out/>
</testsuite> <!-- testCases.TC_BookingPageTest -->
